[2023-11-06 10:45:03.679] INFO main com.xpb.SecurityPanApplication[51] - Starting SecurityPanApplication using Java 17.0.6 with PID 9932 (D:\Code-repository\Java\SecurityPan\target\classes started by pengboXu in D:\Code-repository\Java\SecurityPan) 
[2023-11-06 10:45:03.691] INFO main com.xpb.SecurityPanApplication[638] - No active profile set, falling back to 1 default profile: "default" 
[2023-11-06 10:45:04.166] INFO main org.springframework.data.repository.config.RepositoryConfigurationDelegate[291] - Multiple Spring Data modules found, entering strict repository configuration mode 
[2023-11-06 10:45:04.168] INFO main org.springframework.data.repository.config.RepositoryConfigurationDelegate[138] - Bootstrapping Spring Data Redis repositories in DEFAULT mode. 
[2023-11-06 10:45:04.192] INFO main org.springframework.data.repository.config.RepositoryConfigurationDelegate[208] - Finished Spring Data repository scanning in 12 ms. Found 0 Redis repository interfaces. 
[2023-11-06 10:45:04.641] INFO main org.springframework.boot.web.embedded.tomcat.TomcatWebServer[108] - Tomcat initialized with port(s): 8080 (http) 
[2023-11-06 10:45:04.719] INFO main org.springframework.boot.web.servlet.context.ServletWebServerApplicationContext[291] - Root WebApplicationContext: initialization completed in 997 ms 
[2023-11-06 10:45:05.509] INFO main org.springframework.security.web.DefaultSecurityFilterChain[54] - Will secure any request with [org.springframework.security.web.session.DisableEncodeUrlFilter@401b67a9, org.springframework.security.web.context.request.async.WebAsyncManagerIntegrationFilter@4e3ee457, org.springframework.security.web.context.SecurityContextHolderFilter@3c3cd7a5, org.springframework.security.web.header.HeaderWriterFilter@24d7657b, org.springframework.web.filter.CorsFilter@41b66d1, org.springframework.security.web.authentication.logout.LogoutFilter@673a9db4, com.xpb.filter.JwtAuthenticationTokenFilter@19faedcc, org.springframework.security.web.savedrequest.RequestCacheAwareFilter@6eb5b9e7, org.springframework.security.web.servletapi.SecurityContextHolderAwareRequestFilter@2d3c501b, org.springframework.security.web.authentication.AnonymousAuthenticationFilter@fb2c2f3, org.springframework.security.web.session.SessionManagementFilter@54bc3bcf, org.springframework.security.web.access.ExceptionTranslationFilter@3245efdb, org.springframework.security.web.access.intercept.AuthorizationFilter@646d58cd] 
[2023-11-06 10:45:05.991] INFO main org.springframework.boot.web.embedded.tomcat.TomcatWebServer[220] - Tomcat started on port(s): 8080 (http) with context path '/api' 
[2023-11-06 10:45:05.999] INFO main com.xpb.SecurityPanApplication[57] - Started SecurityPanApplication in 2.571 seconds (process running for 3.31) 
[2023-11-06 10:45:30.376] INFO http-nio-8080-exec-1 org.springframework.web.servlet.DispatcherServlet[532] - Initializing Servlet 'dispatcherServlet' 
[2023-11-06 10:45:30.377] INFO http-nio-8080-exec-1 org.springframework.web.servlet.DispatcherServlet[554] - Completed initialization in 1 ms 
[2023-11-06 10:45:44.700] INFO SpringApplicationShutdownHook com.alibaba.druid.pool.DruidDataSource[2029] - {dataSource-0} closing ... 
[2023-11-06 10:45:50.271] INFO main com.xpb.SecurityPanApplication[51] - Starting SecurityPanApplication using Java 17.0.6 with PID 9012 (D:\Code-repository\Java\SecurityPan\target\classes started by pengboXu in D:\Code-repository\Java\SecurityPan) 
[2023-11-06 10:45:50.276] INFO main com.xpb.SecurityPanApplication[638] - No active profile set, falling back to 1 default profile: "default" 
[2023-11-06 10:45:50.689] INFO main org.springframework.data.repository.config.RepositoryConfigurationDelegate[291] - Multiple Spring Data modules found, entering strict repository configuration mode 
[2023-11-06 10:45:50.691] INFO main org.springframework.data.repository.config.RepositoryConfigurationDelegate[138] - Bootstrapping Spring Data Redis repositories in DEFAULT mode. 
[2023-11-06 10:45:50.710] INFO main org.springframework.data.repository.config.RepositoryConfigurationDelegate[208] - Finished Spring Data repository scanning in 11 ms. Found 0 Redis repository interfaces. 
[2023-11-06 10:45:51.110] INFO main org.springframework.boot.web.embedded.tomcat.TomcatWebServer[108] - Tomcat initialized with port(s): 8080 (http) 
[2023-11-06 10:45:51.178] INFO main org.springframework.boot.web.servlet.context.ServletWebServerApplicationContext[291] - Root WebApplicationContext: initialization completed in 874 ms 
[2023-11-06 10:45:51.879] INFO main org.springframework.security.web.DefaultSecurityFilterChain[54] - Will secure any request with [org.springframework.security.web.session.DisableEncodeUrlFilter@2ed7978c, org.springframework.security.web.context.request.async.WebAsyncManagerIntegrationFilter@30665461, org.springframework.security.web.context.SecurityContextHolderFilter@7d5a0b14, org.springframework.security.web.header.HeaderWriterFilter@614d7fbf, org.springframework.web.filter.CorsFilter@146833a2, org.springframework.security.web.authentication.logout.LogoutFilter@27ec74a3, com.xpb.filter.JwtAuthenticationTokenFilter@379f9555, org.springframework.security.web.savedrequest.RequestCacheAwareFilter@279e1422, org.springframework.security.web.servletapi.SecurityContextHolderAwareRequestFilter@27dc81be, org.springframework.security.web.authentication.AnonymousAuthenticationFilter@50b38342, org.springframework.security.web.session.SessionManagementFilter@19e2db7c, org.springframework.security.web.access.ExceptionTranslationFilter@537451d5, org.springframework.security.web.access.intercept.AuthorizationFilter@3265995e] 
[2023-11-06 10:45:52.325] INFO main org.springframework.boot.web.embedded.tomcat.TomcatWebServer[220] - Tomcat started on port(s): 8080 (http) with context path '/api' 
[2023-11-06 10:45:52.332] INFO main com.xpb.SecurityPanApplication[57] - Started SecurityPanApplication in 2.283 seconds (process running for 2.852) 
[2023-11-06 10:45:55.435] INFO http-nio-8080-exec-1 org.springframework.web.servlet.DispatcherServlet[532] - Initializing Servlet 'dispatcherServlet' 
[2023-11-06 10:45:55.436] INFO http-nio-8080-exec-1 org.springframework.web.servlet.DispatcherServlet[554] - Completed initialization in 1 ms 
[2023-11-06 10:48:40.211] INFO SpringApplicationShutdownHook com.alibaba.druid.pool.DruidDataSource[2029] - {dataSource-0} closing ... 
[2023-11-06 10:48:45.839] INFO main com.xpb.SecurityPanApplication[51] - Starting SecurityPanApplication using Java 17.0.6 with PID 12884 (D:\Code-repository\Java\SecurityPan\target\classes started by pengboXu in D:\Code-repository\Java\SecurityPan) 
[2023-11-06 10:48:45.844] INFO main com.xpb.SecurityPanApplication[638] - No active profile set, falling back to 1 default profile: "default" 
[2023-11-06 10:48:46.286] INFO main org.springframework.data.repository.config.RepositoryConfigurationDelegate[291] - Multiple Spring Data modules found, entering strict repository configuration mode 
[2023-11-06 10:48:46.288] INFO main org.springframework.data.repository.config.RepositoryConfigurationDelegate[138] - Bootstrapping Spring Data Redis repositories in DEFAULT mode. 
[2023-11-06 10:48:46.310] INFO main org.springframework.data.repository.config.RepositoryConfigurationDelegate[208] - Finished Spring Data repository scanning in 11 ms. Found 0 Redis repository interfaces. 
[2023-11-06 10:48:46.726] INFO main org.springframework.boot.web.embedded.tomcat.TomcatWebServer[108] - Tomcat initialized with port(s): 8080 (http) 
[2023-11-06 10:48:46.796] INFO main org.springframework.boot.web.servlet.context.ServletWebServerApplicationContext[291] - Root WebApplicationContext: initialization completed in 923 ms 
[2023-11-06 10:48:47.507] INFO main org.springframework.security.web.DefaultSecurityFilterChain[54] - Will secure any request with [org.springframework.security.web.session.DisableEncodeUrlFilter@537451d5, org.springframework.security.web.context.request.async.WebAsyncManagerIntegrationFilter@785d6a98, org.springframework.security.web.context.SecurityContextHolderFilter@517bdce0, org.springframework.security.web.header.HeaderWriterFilter@6fcc0a1, org.springframework.web.filter.CorsFilter@614d7fbf, org.springframework.security.web.authentication.logout.LogoutFilter@3c4ad54, com.xpb.filter.JwtAuthenticationTokenFilter@3611153f, org.springframework.security.web.savedrequest.RequestCacheAwareFilter@6150afc6, org.springframework.security.web.servletapi.SecurityContextHolderAwareRequestFilter@46e6458d, org.springframework.security.web.authentication.AnonymousAuthenticationFilter@6c06b1bc, org.springframework.security.web.session.SessionManagementFilter@64d93096, org.springframework.security.web.access.ExceptionTranslationFilter@4148ce43, org.springframework.security.web.access.intercept.AuthorizationFilter@5e9ea380] 
[2023-11-06 10:48:47.896] INFO main org.springframework.boot.web.embedded.tomcat.TomcatWebServer[220] - Tomcat started on port(s): 8080 (http) with context path '/api' 
[2023-11-06 10:48:47.902] INFO main com.xpb.SecurityPanApplication[57] - Started SecurityPanApplication in 2.309 seconds (process running for 2.925) 
[2023-11-06 10:49:00.261] INFO http-nio-8080-exec-1 org.springframework.web.servlet.DispatcherServlet[532] - Initializing Servlet 'dispatcherServlet' 
[2023-11-06 10:49:00.262] INFO http-nio-8080-exec-1 org.springframework.web.servlet.DispatcherServlet[554] - Completed initialization in 1 ms 
[2023-11-06 10:49:12.575] INFO SpringApplicationShutdownHook com.alibaba.druid.pool.DruidDataSource[2029] - {dataSource-0} closing ... 
[2023-11-06 10:49:15.115] INFO main com.xpb.SecurityPanApplication[51] - Starting SecurityPanApplication using Java 17.0.6 with PID 3420 (D:\Code-repository\Java\SecurityPan\target\classes started by pengboXu in D:\Code-repository\Java\SecurityPan) 
[2023-11-06 10:49:15.121] INFO main com.xpb.SecurityPanApplication[638] - No active profile set, falling back to 1 default profile: "default" 
[2023-11-06 10:49:15.537] INFO main org.springframework.data.repository.config.RepositoryConfigurationDelegate[291] - Multiple Spring Data modules found, entering strict repository configuration mode 
[2023-11-06 10:49:15.539] INFO main org.springframework.data.repository.config.RepositoryConfigurationDelegate[138] - Bootstrapping Spring Data Redis repositories in DEFAULT mode. 
[2023-11-06 10:49:15.558] INFO main org.springframework.data.repository.config.RepositoryConfigurationDelegate[208] - Finished Spring Data repository scanning in 10 ms. Found 0 Redis repository interfaces. 
[2023-11-06 10:49:15.953] INFO main org.springframework.boot.web.embedded.tomcat.TomcatWebServer[108] - Tomcat initialized with port(s): 8080 (http) 
[2023-11-06 10:49:16.022] INFO main org.springframework.boot.web.servlet.context.ServletWebServerApplicationContext[291] - Root WebApplicationContext: initialization completed in 871 ms 
[2023-11-06 10:49:16.723] INFO main org.springframework.security.web.DefaultSecurityFilterChain[54] - Will secure any request with [org.springframework.security.web.session.DisableEncodeUrlFilter@77a4bac, org.springframework.security.web.context.request.async.WebAsyncManagerIntegrationFilter@534fc1f7, org.springframework.security.web.context.SecurityContextHolderFilter@1dc9f5ad, org.springframework.security.web.header.HeaderWriterFilter@517bdce0, org.springframework.web.filter.CorsFilter@7d5a0b14, org.springframework.security.web.authentication.logout.LogoutFilter@12e3f4ae, com.xpb.filter.JwtAuthenticationTokenFilter@78288f83, org.springframework.security.web.savedrequest.RequestCacheAwareFilter@4dffff9, org.springframework.security.web.servletapi.SecurityContextHolderAwareRequestFilter@7bb25046, org.springframework.security.web.authentication.AnonymousAuthenticationFilter@72ec16f8, org.springframework.security.web.session.SessionManagementFilter@21e702b8, org.springframework.security.web.access.ExceptionTranslationFilter@76ed7573, org.springframework.security.web.access.intercept.AuthorizationFilter@2cff03cf] 
[2023-11-06 10:49:17.182] INFO main org.springframework.boot.web.embedded.tomcat.TomcatWebServer[220] - Tomcat started on port(s): 8080 (http) with context path '/api' 
[2023-11-06 10:49:17.189] INFO main com.xpb.SecurityPanApplication[57] - Started SecurityPanApplication in 2.328 seconds (process running for 3.011) 
[2023-11-06 10:49:25.909] INFO http-nio-8080-exec-1 org.springframework.web.servlet.DispatcherServlet[532] - Initializing Servlet 'dispatcherServlet' 
[2023-11-06 10:49:25.911] INFO http-nio-8080-exec-1 org.springframework.web.servlet.DispatcherServlet[554] - Completed initialization in 0 ms 
[2023-11-06 10:54:15.254] INFO SpringApplicationShutdownHook com.alibaba.druid.pool.DruidDataSource[2029] - {dataSource-0} closing ... 
[2023-11-06 10:54:20.869] INFO main com.xpb.SecurityPanApplication[51] - Starting SecurityPanApplication using Java 17.0.6 with PID 5960 (D:\Code-repository\Java\SecurityPan\target\classes started by pengboXu in D:\Code-repository\Java\SecurityPan) 
[2023-11-06 10:54:20.875] INFO main com.xpb.SecurityPanApplication[638] - No active profile set, falling back to 1 default profile: "default" 
[2023-11-06 10:54:21.271] INFO main org.springframework.data.repository.config.RepositoryConfigurationDelegate[291] - Multiple Spring Data modules found, entering strict repository configuration mode 
[2023-11-06 10:54:21.272] INFO main org.springframework.data.repository.config.RepositoryConfigurationDelegate[138] - Bootstrapping Spring Data Redis repositories in DEFAULT mode. 
[2023-11-06 10:54:21.292] INFO main org.springframework.data.repository.config.RepositoryConfigurationDelegate[208] - Finished Spring Data repository scanning in 11 ms. Found 0 Redis repository interfaces. 
[2023-11-06 10:54:21.683] INFO main org.springframework.boot.web.embedded.tomcat.TomcatWebServer[108] - Tomcat initialized with port(s): 8080 (http) 
[2023-11-06 10:54:21.749] INFO main org.springframework.boot.web.servlet.context.ServletWebServerApplicationContext[291] - Root WebApplicationContext: initialization completed in 846 ms 
[2023-11-06 10:54:22.440] INFO main org.springframework.security.web.DefaultSecurityFilterChain[54] - Will secure any request with [org.springframework.security.web.session.DisableEncodeUrlFilter@534fc1f7, org.springframework.security.web.context.request.async.WebAsyncManagerIntegrationFilter@7d5a0b14, org.springframework.security.web.context.SecurityContextHolderFilter@4a2d66e, org.springframework.security.web.header.HeaderWriterFilter@7c0b0bd9, org.springframework.web.filter.CorsFilter@72ec16f8, org.springframework.security.web.authentication.logout.LogoutFilter@537451d5, com.xpb.filter.JwtAuthenticationTokenFilter@29c1249a, org.springframework.security.web.savedrequest.RequestCacheAwareFilter@2904bc56, org.springframework.security.web.servletapi.SecurityContextHolderAwareRequestFilter@69b1e8f8, org.springframework.security.web.authentication.AnonymousAuthenticationFilter@279e1422, org.springframework.security.web.session.SessionManagementFilter@7f1fec57, org.springframework.security.web.access.ExceptionTranslationFilter@51df2a41, org.springframework.security.web.access.intercept.AuthorizationFilter@924f3f1] 
[2023-11-06 10:54:22.887] INFO main org.springframework.boot.web.embedded.tomcat.TomcatWebServer[220] - Tomcat started on port(s): 8080 (http) with context path '/api' 
[2023-11-06 10:54:22.894] INFO main com.xpb.SecurityPanApplication[57] - Started SecurityPanApplication in 2.245 seconds (process running for 2.81) 
[2023-11-06 10:54:34.862] INFO http-nio-8080-exec-3 org.springframework.web.servlet.DispatcherServlet[532] - Initializing Servlet 'dispatcherServlet' 
[2023-11-06 10:54:34.863] INFO http-nio-8080-exec-3 org.springframework.web.servlet.DispatcherServlet[554] - Completed initialization in 1 ms 
[2023-11-06 10:54:44.647] INFO SpringApplicationShutdownHook com.alibaba.druid.pool.DruidDataSource[2029] - {dataSource-0} closing ... 
[2023-11-06 10:54:50.283] INFO main com.xpb.SecurityPanApplication[51] - Starting SecurityPanApplication using Java 17.0.6 with PID 12208 (D:\Code-repository\Java\SecurityPan\target\classes started by pengboXu in D:\Code-repository\Java\SecurityPan) 
[2023-11-06 10:54:50.288] INFO main com.xpb.SecurityPanApplication[638] - No active profile set, falling back to 1 default profile: "default" 
[2023-11-06 10:54:50.683] INFO main org.springframework.data.repository.config.RepositoryConfigurationDelegate[291] - Multiple Spring Data modules found, entering strict repository configuration mode 
[2023-11-06 10:54:50.685] INFO main org.springframework.data.repository.config.RepositoryConfigurationDelegate[138] - Bootstrapping Spring Data Redis repositories in DEFAULT mode. 
[2023-11-06 10:54:50.704] INFO main org.springframework.data.repository.config.RepositoryConfigurationDelegate[208] - Finished Spring Data repository scanning in 10 ms. Found 0 Redis repository interfaces. 
[2023-11-06 10:54:51.111] INFO main org.springframework.boot.web.embedded.tomcat.TomcatWebServer[108] - Tomcat initialized with port(s): 8080 (http) 
[2023-11-06 10:54:51.180] INFO main org.springframework.boot.web.servlet.context.ServletWebServerApplicationContext[291] - Root WebApplicationContext: initialization completed in 867 ms 
[2023-11-06 10:54:51.914] INFO main org.springframework.security.web.DefaultSecurityFilterChain[54] - Will secure any request with [org.springframework.security.web.session.DisableEncodeUrlFilter@5d7ff311, org.springframework.security.web.context.request.async.WebAsyncManagerIntegrationFilter@2d7aa291, org.springframework.security.web.context.SecurityContextHolderFilter@672d8370, org.springframework.security.web.header.HeaderWriterFilter@521c67f0, org.springframework.web.filter.CorsFilter@1ba7db2a, org.springframework.security.web.authentication.logout.LogoutFilter@1ea96ff2, com.xpb.filter.JwtAuthenticationTokenFilter@1d2def55, org.springframework.security.web.savedrequest.RequestCacheAwareFilter@4f82248f, org.springframework.security.web.servletapi.SecurityContextHolderAwareRequestFilter@29bd056a, org.springframework.security.web.authentication.AnonymousAuthenticationFilter@762cdf46, org.springframework.security.web.session.SessionManagementFilter@46e6458d, org.springframework.security.web.access.ExceptionTranslationFilter@2633d09c, org.springframework.security.web.access.intercept.AuthorizationFilter@1d8dbf10] 
[2023-11-06 10:54:52.365] INFO main org.springframework.boot.web.embedded.tomcat.TomcatWebServer[220] - Tomcat started on port(s): 8080 (http) with context path '/api' 
[2023-11-06 10:54:52.372] INFO main com.xpb.SecurityPanApplication[57] - Started SecurityPanApplication in 2.318 seconds (process running for 2.892) 
[2023-11-06 10:55:00.116] INFO http-nio-8080-exec-1 org.springframework.web.servlet.DispatcherServlet[532] - Initializing Servlet 'dispatcherServlet' 
[2023-11-06 10:55:00.117] INFO http-nio-8080-exec-1 org.springframework.web.servlet.DispatcherServlet[554] - Completed initialization in 1 ms 
[2023-11-06 11:00:45.146] INFO SpringApplicationShutdownHook com.alibaba.druid.pool.DruidDataSource[2029] - {dataSource-0} closing ... 
[2023-11-06 11:00:50.831] INFO main com.xpb.SecurityPanApplication[51] - Starting SecurityPanApplication using Java 17.0.6 with PID 13612 (D:\Code-repository\Java\SecurityPan\target\classes started by pengboXu in D:\Code-repository\Java\SecurityPan) 
[2023-11-06 11:00:50.836] INFO main com.xpb.SecurityPanApplication[638] - No active profile set, falling back to 1 default profile: "default" 
[2023-11-06 11:00:51.229] INFO main org.springframework.data.repository.config.RepositoryConfigurationDelegate[291] - Multiple Spring Data modules found, entering strict repository configuration mode 
[2023-11-06 11:00:51.231] INFO main org.springframework.data.repository.config.RepositoryConfigurationDelegate[138] - Bootstrapping Spring Data Redis repositories in DEFAULT mode. 
[2023-11-06 11:00:51.249] INFO main org.springframework.data.repository.config.RepositoryConfigurationDelegate[208] - Finished Spring Data repository scanning in 10 ms. Found 0 Redis repository interfaces. 
[2023-11-06 11:00:51.655] INFO main org.springframework.boot.web.embedded.tomcat.TomcatWebServer[108] - Tomcat initialized with port(s): 8080 (http) 
[2023-11-06 11:00:51.730] INFO main org.springframework.boot.web.servlet.context.ServletWebServerApplicationContext[291] - Root WebApplicationContext: initialization completed in 866 ms 
[2023-11-06 11:00:52.342] INFO main org.springframework.security.web.DefaultSecurityFilterChain[54] - Will secure any request with [org.springframework.security.web.session.DisableEncodeUrlFilter@d978ab9, org.springframework.security.web.context.request.async.WebAsyncManagerIntegrationFilter@3cf06a01, org.springframework.security.web.context.SecurityContextHolderFilter@5be69f7e, org.springframework.security.web.header.HeaderWriterFilter@3df04fa1, org.springframework.security.web.authentication.logout.LogoutFilter@69e36fe3, org.springframework.security.web.savedrequest.RequestCacheAwareFilter@16d61071, org.springframework.security.web.servletapi.SecurityContextHolderAwareRequestFilter@779b4f9c, org.springframework.security.web.authentication.AnonymousAuthenticationFilter@71ee2fff, org.springframework.security.web.access.ExceptionTranslationFilter@6cbbfe29, org.springframework.security.web.access.intercept.AuthorizationFilter@d180961] 
[2023-11-06 11:00:52.962] INFO main org.springframework.boot.web.embedded.tomcat.TomcatWebServer[220] - Tomcat started on port(s): 8080 (http) with context path '/api' 
[2023-11-06 11:00:52.969] INFO main com.xpb.SecurityPanApplication[57] - Started SecurityPanApplication in 2.363 seconds (process running for 2.943) 
[2023-11-06 11:01:04.521] INFO http-nio-8080-exec-2 org.springframework.web.servlet.DispatcherServlet[532] - Initializing Servlet 'dispatcherServlet' 
[2023-11-06 11:01:04.522] INFO http-nio-8080-exec-2 org.springframework.web.servlet.DispatcherServlet[554] - Completed initialization in 1 ms 
[2023-11-06 11:01:11.322] INFO SpringApplicationShutdownHook com.alibaba.druid.pool.DruidDataSource[2029] - {dataSource-0} closing ... 
[2023-11-07 21:04:20.808] INFO main com.xpb.SecurityPanApplication[51] - Starting SecurityPanApplication using Java 17.0.6 with PID 3068 (D:\Code-repository\Java\SecurityPan\target\classes started by pengboXu in D:\Code-repository\Java\SecurityPan) 
[2023-11-07 21:04:20.815] INFO main com.xpb.SecurityPanApplication[638] - No active profile set, falling back to 1 default profile: "default" 
[2023-11-07 21:04:21.310] INFO main org.springframework.data.repository.config.RepositoryConfigurationDelegate[291] - Multiple Spring Data modules found, entering strict repository configuration mode 
[2023-11-07 21:04:21.312] INFO main org.springframework.data.repository.config.RepositoryConfigurationDelegate[138] - Bootstrapping Spring Data Redis repositories in DEFAULT mode. 
[2023-11-07 21:04:21.336] INFO main org.springframework.data.repository.config.RepositoryConfigurationDelegate[208] - Finished Spring Data repository scanning in 12 ms. Found 0 Redis repository interfaces. 
[2023-11-07 21:04:21.958] INFO main org.springframework.boot.web.embedded.tomcat.TomcatWebServer[108] - Tomcat initialized with port(s): 8080 (http) 
[2023-11-07 21:04:22.038] INFO main org.springframework.boot.web.servlet.context.ServletWebServerApplicationContext[291] - Root WebApplicationContext: initialization completed in 1187 ms 
[2023-11-07 21:04:22.811] INFO main org.springframework.security.web.DefaultSecurityFilterChain[54] - Will secure any request with [org.springframework.security.web.session.DisableEncodeUrlFilter@43e7f104, org.springframework.security.web.context.request.async.WebAsyncManagerIntegrationFilter@7294a684, org.springframework.security.web.context.SecurityContextHolderFilter@2f3cd727, org.springframework.security.web.header.HeaderWriterFilter@25b20860, org.springframework.security.web.authentication.logout.LogoutFilter@774304ca, org.springframework.security.web.savedrequest.RequestCacheAwareFilter@703cb756, org.springframework.security.web.servletapi.SecurityContextHolderAwareRequestFilter@11dbcb3b, org.springframework.security.web.authentication.AnonymousAuthenticationFilter@2762253e, org.springframework.security.web.access.ExceptionTranslationFilter@4c164f81, org.springframework.security.web.access.intercept.AuthorizationFilter@6614ecca] 
[2023-11-07 21:04:23.566] INFO main org.springframework.boot.web.embedded.tomcat.TomcatWebServer[220] - Tomcat started on port(s): 8080 (http) with context path '/api' 
[2023-11-07 21:04:23.573] INFO main com.xpb.SecurityPanApplication[57] - Started SecurityPanApplication in 3.041 seconds (process running for 3.856) 
[2023-11-07 21:04:25.348] INFO SpringApplicationShutdownHook com.alibaba.druid.pool.DruidDataSource[2029] - {dataSource-0} closing ... 
[2023-11-07 21:05:50.953] INFO main com.xpb.SecurityPanApplication[51] - Starting SecurityPanApplication using Java 17.0.6 with PID 18220 (D:\Code-repository\Java\SecurityPan\target\classes started by pengboXu in D:\Code-repository\Java\SecurityPan) 
[2023-11-07 21:05:50.958] INFO main com.xpb.SecurityPanApplication[638] - No active profile set, falling back to 1 default profile: "default" 
[2023-11-07 21:05:51.408] INFO main org.springframework.data.repository.config.RepositoryConfigurationDelegate[291] - Multiple Spring Data modules found, entering strict repository configuration mode 
[2023-11-07 21:05:51.410] INFO main org.springframework.data.repository.config.RepositoryConfigurationDelegate[138] - Bootstrapping Spring Data Redis repositories in DEFAULT mode. 
[2023-11-07 21:05:51.433] INFO main org.springframework.data.repository.config.RepositoryConfigurationDelegate[208] - Finished Spring Data repository scanning in 11 ms. Found 0 Redis repository interfaces. 
[2023-11-07 21:05:51.972] INFO main org.springframework.boot.web.embedded.tomcat.TomcatWebServer[108] - Tomcat initialized with port(s): 8080 (http) 
[2023-11-07 21:05:52.054] INFO main org.springframework.boot.web.servlet.context.ServletWebServerApplicationContext[291] - Root WebApplicationContext: initialization completed in 1064 ms 
[2023-11-07 21:05:52.718] INFO main org.springframework.security.web.DefaultSecurityFilterChain[54] - Will secure any request with [org.springframework.security.web.session.DisableEncodeUrlFilter@5ea9373e, org.springframework.security.web.context.request.async.WebAsyncManagerIntegrationFilter@3e595da3, org.springframework.security.web.context.SecurityContextHolderFilter@5f8df69, org.springframework.security.web.header.HeaderWriterFilter@608f310a, org.springframework.security.web.authentication.logout.LogoutFilter@5621a671, org.springframework.security.web.savedrequest.RequestCacheAwareFilter@4a47bc9c, org.springframework.security.web.servletapi.SecurityContextHolderAwareRequestFilter@12404f9d, org.springframework.security.web.authentication.AnonymousAuthenticationFilter@5c0272e0, org.springframework.security.web.access.ExceptionTranslationFilter@2ace1cd3, org.springframework.security.web.access.intercept.AuthorizationFilter@4bdef487] 
[2023-11-07 21:05:53.345] INFO main org.springframework.boot.web.embedded.tomcat.TomcatWebServer[220] - Tomcat started on port(s): 8080 (http) with context path '/api' 
[2023-11-07 21:05:53.353] INFO main com.xpb.SecurityPanApplication[57] - Started SecurityPanApplication in 2.653 seconds (process running for 3.317) 
[2023-11-07 21:06:31.714] INFO http-nio-8080-exec-1 org.springframework.web.servlet.DispatcherServlet[532] - Initializing Servlet 'dispatcherServlet' 
[2023-11-07 21:06:31.715] INFO http-nio-8080-exec-1 org.springframework.web.servlet.DispatcherServlet[554] - Completed initialization in 1 ms 
[2023-11-07 21:06:32.193] INFO http-nio-8080-exec-1 com.xpb.aop.CurrentLimitingAspect[43] - 0:0:0:0:0:0:0:1第一次请求http://localhost:8080/api/hello 
[2023-11-07 21:07:33.802] INFO http-nio-8080-exec-1 com.xpb.aop.CurrentLimitingAspect[43] - 0:0:0:0:0:0:0:1第一次请求http://localhost:8080/api/hello 
[2023-11-07 21:10:07.581] INFO SpringApplicationShutdownHook com.alibaba.druid.pool.DruidDataSource[2029] - {dataSource-0} closing ... 
[2023-11-07 21:10:13.406] INFO main com.xpb.SecurityPanApplication[51] - Starting SecurityPanApplication using Java 17.0.6 with PID 14068 (D:\Code-repository\Java\SecurityPan\target\classes started by pengboXu in D:\Code-repository\Java\SecurityPan) 
[2023-11-07 21:10:13.411] INFO main com.xpb.SecurityPanApplication[638] - No active profile set, falling back to 1 default profile: "default" 
[2023-11-07 21:10:13.846] INFO main org.springframework.data.repository.config.RepositoryConfigurationDelegate[291] - Multiple Spring Data modules found, entering strict repository configuration mode 
[2023-11-07 21:10:13.848] INFO main org.springframework.data.repository.config.RepositoryConfigurationDelegate[138] - Bootstrapping Spring Data Redis repositories in DEFAULT mode. 
[2023-11-07 21:10:13.870] INFO main org.springframework.data.repository.config.RepositoryConfigurationDelegate[208] - Finished Spring Data repository scanning in 12 ms. Found 0 Redis repository interfaces. 
[2023-11-07 21:10:14.401] INFO main org.springframework.boot.web.embedded.tomcat.TomcatWebServer[108] - Tomcat initialized with port(s): 8080 (http) 
[2023-11-07 21:10:14.476] INFO main org.springframework.boot.web.servlet.context.ServletWebServerApplicationContext[291] - Root WebApplicationContext: initialization completed in 1033 ms 
[2023-11-07 21:10:15.134] INFO main org.springframework.security.web.DefaultSecurityFilterChain[54] - Will secure any request with [org.springframework.security.web.session.DisableEncodeUrlFilter@4cd90c36, org.springframework.security.web.context.request.async.WebAsyncManagerIntegrationFilter@aa23f11, org.springframework.security.web.context.SecurityContextHolderFilter@4c164f81, org.springframework.security.web.header.HeaderWriterFilter@5100c143, org.springframework.security.web.authentication.logout.LogoutFilter@4cf5d999, org.springframework.security.web.savedrequest.RequestCacheAwareFilter@b671dda, org.springframework.security.web.servletapi.SecurityContextHolderAwareRequestFilter@5ba63110, org.springframework.security.web.authentication.AnonymousAuthenticationFilter@65a80fdb, org.springframework.security.web.access.ExceptionTranslationFilter@5f8df69, org.springframework.security.web.access.intercept.AuthorizationFilter@303fbc4] 
[2023-11-07 21:10:15.750] INFO main org.springframework.boot.web.embedded.tomcat.TomcatWebServer[220] - Tomcat started on port(s): 8080 (http) with context path '/api' 
[2023-11-07 21:10:15.758] INFO main com.xpb.SecurityPanApplication[57] - Started SecurityPanApplication in 2.59 seconds (process running for 3.2) 
[2023-11-07 21:10:22.746] INFO http-nio-8080-exec-1 org.springframework.web.servlet.DispatcherServlet[532] - Initializing Servlet 'dispatcherServlet' 
[2023-11-07 21:10:22.747] INFO http-nio-8080-exec-1 org.springframework.web.servlet.DispatcherServlet[554] - Completed initialization in 0 ms 
[2023-11-07 21:10:23.168] INFO http-nio-8080-exec-1 com.xpb.aop.CurrentLimitingAspect[43] - 0:0:0:0:0:0:0:1第一次请求http://localhost:8080/api/hello 
[2023-11-07 21:12:00.987] INFO lettuce-nioEventLoop-4-1 io.lettuce.core.protocol.CommandHandler[217] - null Unexpected exception during request: java.net.SocketException: Connection reset 
java.net.SocketException: Connection reset
	at sun.nio.ch.SocketChannelImpl.throwConnectionReset(SocketChannelImpl.java:394) ~[?:?]
	at sun.nio.ch.SocketChannelImpl.read(SocketChannelImpl.java:426) ~[?:?]
	at io.netty.buffer.PooledByteBuf.setBytes(PooledByteBuf.java:254) ~[netty-buffer-4.1.100.Final.jar:4.1.100.Final]
	at io.netty.buffer.AbstractByteBuf.writeBytes(AbstractByteBuf.java:1132) ~[netty-buffer-4.1.100.Final.jar:4.1.100.Final]
	at io.netty.channel.socket.nio.NioSocketChannel.doReadBytes(NioSocketChannel.java:357) ~[netty-transport-4.1.100.Final.jar:4.1.100.Final]
	at io.netty.channel.nio.AbstractNioByteChannel$NioByteUnsafe.read(AbstractNioByteChannel.java:151) ~[netty-transport-4.1.100.Final.jar:4.1.100.Final]
	at io.netty.channel.nio.NioEventLoop.processSelectedKey(NioEventLoop.java:788) ~[netty-transport-4.1.100.Final.jar:4.1.100.Final]
	at io.netty.channel.nio.NioEventLoop.processSelectedKeysOptimized(NioEventLoop.java:724) ~[netty-transport-4.1.100.Final.jar:4.1.100.Final]
	at io.netty.channel.nio.NioEventLoop.processSelectedKeys(NioEventLoop.java:650) ~[netty-transport-4.1.100.Final.jar:4.1.100.Final]
	at io.netty.channel.nio.NioEventLoop.run(NioEventLoop.java:562) ~[netty-transport-4.1.100.Final.jar:4.1.100.Final]
	at io.netty.util.concurrent.SingleThreadEventExecutor$4.run(SingleThreadEventExecutor.java:997) ~[netty-common-4.1.100.Final.jar:4.1.100.Final]
	at io.netty.util.internal.ThreadExecutorMap$2.run(ThreadExecutorMap.java:74) ~[netty-common-4.1.100.Final.jar:4.1.100.Final]
	at io.netty.util.concurrent.FastThreadLocalRunnable.run(FastThreadLocalRunnable.java:30) ~[netty-common-4.1.100.Final.jar:4.1.100.Final]
	at java.lang.Thread.run(Thread.java:833) ~[?:?]
[2023-11-07 21:12:01.067] INFO lettuce-eventExecutorLoop-1-14 io.lettuce.core.protocol.ConnectionWatchdog[171] - Reconnecting, last destination was localhost/127.0.0.1:6379 
[2023-11-07 21:12:10.163] INFO lettuce-eventExecutorLoop-1-10 io.lettuce.core.protocol.ConnectionWatchdog[171] - Reconnecting, last destination was localhost/<unresolved>:6379 
[2023-11-07 21:12:18.363] INFO lettuce-eventExecutorLoop-1-11 io.lettuce.core.protocol.ConnectionWatchdog[171] - Reconnecting, last destination was localhost/<unresolved>:6379 
[2023-11-07 21:12:33.921] INFO SpringApplicationShutdownHook com.alibaba.druid.pool.DruidDataSource[2029] - {dataSource-0} closing ... 
[2023-11-07 21:44:23.294] INFO main com.xpb.SecurityPanApplication[51] - Starting SecurityPanApplication using Java 17.0.6 with PID 14412 (D:\Code-repository\Java\SecurityPan\target\classes started by pengboXu in D:\Code-repository\Java\SecurityPan) 
[2023-11-07 21:44:23.300] INFO main com.xpb.SecurityPanApplication[638] - No active profile set, falling back to 1 default profile: "default" 
[2023-11-07 21:44:23.745] INFO main org.springframework.data.repository.config.RepositoryConfigurationDelegate[291] - Multiple Spring Data modules found, entering strict repository configuration mode 
[2023-11-07 21:44:23.747] INFO main org.springframework.data.repository.config.RepositoryConfigurationDelegate[138] - Bootstrapping Spring Data Redis repositories in DEFAULT mode. 
[2023-11-07 21:44:23.768] INFO main org.springframework.data.repository.config.RepositoryConfigurationDelegate[208] - Finished Spring Data repository scanning in 11 ms. Found 0 Redis repository interfaces. 
[2023-11-07 21:44:24.314] INFO main org.springframework.boot.web.embedded.tomcat.TomcatWebServer[108] - Tomcat initialized with port(s): 8080 (http) 
[2023-11-07 21:44:24.390] INFO main org.springframework.boot.web.servlet.context.ServletWebServerApplicationContext[291] - Root WebApplicationContext: initialization completed in 1057 ms 
[2023-11-07 21:44:25.085] INFO main org.springframework.security.web.DefaultSecurityFilterChain[54] - Will secure any request with [org.springframework.security.web.session.DisableEncodeUrlFilter@3adde4ea, org.springframework.security.web.context.request.async.WebAsyncManagerIntegrationFilter@75663443, org.springframework.security.web.context.SecurityContextHolderFilter@59014efe, org.springframework.security.web.header.HeaderWriterFilter@75de7009, org.springframework.security.web.authentication.logout.LogoutFilter@6651efa4, org.springframework.security.web.savedrequest.RequestCacheAwareFilter@7381d6f0, org.springframework.security.web.servletapi.SecurityContextHolderAwareRequestFilter@7c03f9d0, org.springframework.security.web.authentication.AnonymousAuthenticationFilter@780546f8, org.springframework.security.web.access.ExceptionTranslationFilter@4aa517c3, org.springframework.security.web.access.intercept.AuthorizationFilter@40b70f31] 
[2023-11-07 21:44:25.921] INFO main org.springframework.boot.web.embedded.tomcat.TomcatWebServer[220] - Tomcat started on port(s): 8080 (http) with context path '/api' 
[2023-11-07 21:44:25.928] INFO main com.xpb.SecurityPanApplication[57] - Started SecurityPanApplication in 2.879 seconds (process running for 3.492) 
[2023-11-07 21:44:44.091] INFO http-nio-8080-exec-1 org.springframework.web.servlet.DispatcherServlet[532] - Initializing Servlet 'dispatcherServlet' 
[2023-11-07 21:44:44.092] INFO http-nio-8080-exec-1 org.springframework.web.servlet.DispatcherServlet[554] - Completed initialization in 1 ms 
[2023-11-07 21:50:15.021] INFO SpringApplicationShutdownHook com.alibaba.druid.pool.DruidDataSource[2029] - {dataSource-0} closing ... 
[2023-11-07 21:50:20.801] INFO main com.xpb.SecurityPanApplication[51] - Starting SecurityPanApplication using Java 17.0.6 with PID 9140 (D:\Code-repository\Java\SecurityPan\target\classes started by pengboXu in D:\Code-repository\Java\SecurityPan) 
[2023-11-07 21:50:20.808] INFO main com.xpb.SecurityPanApplication[638] - No active profile set, falling back to 1 default profile: "default" 
[2023-11-07 21:50:21.246] INFO main org.springframework.data.repository.config.RepositoryConfigurationDelegate[291] - Multiple Spring Data modules found, entering strict repository configuration mode 
[2023-11-07 21:50:21.248] INFO main org.springframework.data.repository.config.RepositoryConfigurationDelegate[138] - Bootstrapping Spring Data Redis repositories in DEFAULT mode. 
[2023-11-07 21:50:21.269] INFO main org.springframework.data.repository.config.RepositoryConfigurationDelegate[208] - Finished Spring Data repository scanning in 12 ms. Found 0 Redis repository interfaces. 
[2023-11-07 21:50:21.800] INFO main org.springframework.boot.web.embedded.tomcat.TomcatWebServer[108] - Tomcat initialized with port(s): 8080 (http) 
[2023-11-07 21:50:21.873] INFO main org.springframework.boot.web.servlet.context.ServletWebServerApplicationContext[291] - Root WebApplicationContext: initialization completed in 1034 ms 
[2023-11-07 21:50:22.548] INFO main org.springframework.security.web.DefaultSecurityFilterChain[54] - Will secure any request with [org.springframework.security.web.session.DisableEncodeUrlFilter@4cd90c36, org.springframework.security.web.context.request.async.WebAsyncManagerIntegrationFilter@aa23f11, org.springframework.security.web.context.SecurityContextHolderFilter@4c164f81, org.springframework.security.web.header.HeaderWriterFilter@5100c143, org.springframework.security.web.authentication.logout.LogoutFilter@4cf5d999, org.springframework.security.web.savedrequest.RequestCacheAwareFilter@b671dda, org.springframework.security.web.servletapi.SecurityContextHolderAwareRequestFilter@5ba63110, org.springframework.security.web.authentication.AnonymousAuthenticationFilter@65a80fdb, org.springframework.security.web.access.ExceptionTranslationFilter@5f8df69, org.springframework.security.web.access.intercept.AuthorizationFilter@303fbc4] 
[2023-11-07 21:50:23.167] INFO main org.springframework.boot.web.embedded.tomcat.TomcatWebServer[220] - Tomcat started on port(s): 8080 (http) with context path '/api' 
[2023-11-07 21:50:23.174] INFO main com.xpb.SecurityPanApplication[57] - Started SecurityPanApplication in 2.61 seconds (process running for 3.217) 
[2023-11-07 21:50:27.742] INFO http-nio-8080-exec-1 org.springframework.web.servlet.DispatcherServlet[532] - Initializing Servlet 'dispatcherServlet' 
[2023-11-07 21:50:27.743] INFO http-nio-8080-exec-1 org.springframework.web.servlet.DispatcherServlet[554] - Completed initialization in 1 ms 
[2023-11-07 21:51:30.976] INFO SpringApplicationShutdownHook com.alibaba.druid.pool.DruidDataSource[2029] - {dataSource-0} closing ... 
[2023-11-07 21:51:36.818] INFO main com.xpb.SecurityPanApplication[51] - Starting SecurityPanApplication using Java 17.0.6 with PID 6988 (D:\Code-repository\Java\SecurityPan\target\classes started by pengboXu in D:\Code-repository\Java\SecurityPan) 
[2023-11-07 21:51:36.822] INFO main com.xpb.SecurityPanApplication[638] - No active profile set, falling back to 1 default profile: "default" 
[2023-11-07 21:51:37.256] INFO main org.springframework.data.repository.config.RepositoryConfigurationDelegate[291] - Multiple Spring Data modules found, entering strict repository configuration mode 
[2023-11-07 21:51:37.258] INFO main org.springframework.data.repository.config.RepositoryConfigurationDelegate[138] - Bootstrapping Spring Data Redis repositories in DEFAULT mode. 
[2023-11-07 21:51:37.281] INFO main org.springframework.data.repository.config.RepositoryConfigurationDelegate[208] - Finished Spring Data repository scanning in 11 ms. Found 0 Redis repository interfaces. 
[2023-11-07 21:51:37.815] INFO main org.springframework.boot.web.embedded.tomcat.TomcatWebServer[108] - Tomcat initialized with port(s): 8080 (http) 
[2023-11-07 21:51:37.888] INFO main org.springframework.boot.web.servlet.context.ServletWebServerApplicationContext[291] - Root WebApplicationContext: initialization completed in 1033 ms 
[2023-11-07 21:51:38.570] INFO main org.springframework.security.web.DefaultSecurityFilterChain[54] - Will secure any request with [org.springframework.security.web.session.DisableEncodeUrlFilter@3adde4ea, org.springframework.security.web.context.request.async.WebAsyncManagerIntegrationFilter@75663443, org.springframework.security.web.context.SecurityContextHolderFilter@59014efe, org.springframework.security.web.header.HeaderWriterFilter@75de7009, org.springframework.security.web.authentication.logout.LogoutFilter@6651efa4, org.springframework.security.web.savedrequest.RequestCacheAwareFilter@7381d6f0, org.springframework.security.web.servletapi.SecurityContextHolderAwareRequestFilter@7c03f9d0, org.springframework.security.web.authentication.AnonymousAuthenticationFilter@780546f8, org.springframework.security.web.access.ExceptionTranslationFilter@4aa517c3, org.springframework.security.web.access.intercept.AuthorizationFilter@40b70f31] 
[2023-11-07 21:51:39.197] INFO main org.springframework.boot.web.embedded.tomcat.TomcatWebServer[220] - Tomcat started on port(s): 8080 (http) with context path '/api' 
[2023-11-07 21:51:39.204] INFO main com.xpb.SecurityPanApplication[57] - Started SecurityPanApplication in 2.63 seconds (process running for 3.232) 
[2023-11-07 21:51:56.565] INFO http-nio-8080-exec-1 org.springframework.web.servlet.DispatcherServlet[532] - Initializing Servlet 'dispatcherServlet' 
[2023-11-07 21:51:56.566] INFO http-nio-8080-exec-1 org.springframework.web.servlet.DispatcherServlet[554] - Completed initialization in 0 ms 
[2023-11-07 21:54:55.330] INFO SpringApplicationShutdownHook com.alibaba.druid.pool.DruidDataSource[2029] - {dataSource-0} closing ... 
[2023-11-07 21:55:01.126] INFO main com.xpb.SecurityPanApplication[51] - Starting SecurityPanApplication using Java 17.0.6 with PID 3540 (D:\Code-repository\Java\SecurityPan\target\classes started by pengboXu in D:\Code-repository\Java\SecurityPan) 
[2023-11-07 21:55:01.132] INFO main com.xpb.SecurityPanApplication[638] - No active profile set, falling back to 1 default profile: "default" 
[2023-11-07 21:55:01.568] INFO main org.springframework.data.repository.config.RepositoryConfigurationDelegate[291] - Multiple Spring Data modules found, entering strict repository configuration mode 
[2023-11-07 21:55:01.570] INFO main org.springframework.data.repository.config.RepositoryConfigurationDelegate[138] - Bootstrapping Spring Data Redis repositories in DEFAULT mode. 
[2023-11-07 21:55:01.590] INFO main org.springframework.data.repository.config.RepositoryConfigurationDelegate[208] - Finished Spring Data repository scanning in 11 ms. Found 0 Redis repository interfaces. 
[2023-11-07 21:55:02.129] INFO main org.springframework.boot.web.embedded.tomcat.TomcatWebServer[108] - Tomcat initialized with port(s): 8080 (http) 
[2023-11-07 21:55:02.204] INFO main org.springframework.boot.web.servlet.context.ServletWebServerApplicationContext[291] - Root WebApplicationContext: initialization completed in 1040 ms 
[2023-11-07 21:55:02.883] INFO main org.springframework.security.web.DefaultSecurityFilterChain[54] - Will secure any request with [org.springframework.security.web.session.DisableEncodeUrlFilter@43e7f104, org.springframework.security.web.context.request.async.WebAsyncManagerIntegrationFilter@7294a684, org.springframework.security.web.context.SecurityContextHolderFilter@2f3cd727, org.springframework.security.web.header.HeaderWriterFilter@25b20860, org.springframework.security.web.authentication.logout.LogoutFilter@774304ca, org.springframework.security.web.savedrequest.RequestCacheAwareFilter@703cb756, org.springframework.security.web.servletapi.SecurityContextHolderAwareRequestFilter@11dbcb3b, org.springframework.security.web.authentication.AnonymousAuthenticationFilter@2762253e, org.springframework.security.web.access.ExceptionTranslationFilter@4c164f81, org.springframework.security.web.access.intercept.AuthorizationFilter@6614ecca] 
[2023-11-07 21:55:03.518] INFO main org.springframework.boot.web.embedded.tomcat.TomcatWebServer[220] - Tomcat started on port(s): 8080 (http) with context path '/api' 
[2023-11-07 21:55:03.525] INFO main com.xpb.SecurityPanApplication[57] - Started SecurityPanApplication in 2.638 seconds (process running for 3.25) 
[2023-11-07 21:55:17.358] INFO http-nio-8080-exec-1 org.springframework.web.servlet.DispatcherServlet[532] - Initializing Servlet 'dispatcherServlet' 
[2023-11-07 21:55:17.360] INFO http-nio-8080-exec-1 org.springframework.web.servlet.DispatcherServlet[554] - Completed initialization in 2 ms 
[2023-11-07 21:55:35.505] INFO SpringApplicationShutdownHook com.alibaba.druid.pool.DruidDataSource[2029] - {dataSource-0} closing ... 
[2023-11-07 22:01:51.980] INFO main com.xpb.SecurityPanApplication[51] - Starting SecurityPanApplication using Java 17.0.6 with PID 10436 (D:\Code-repository\Java\SecurityPan\target\classes started by pengboXu in D:\Code-repository\Java\SecurityPan) 
[2023-11-07 22:01:51.987] INFO main com.xpb.SecurityPanApplication[638] - No active profile set, falling back to 1 default profile: "default" 
[2023-11-07 22:01:52.466] INFO main org.springframework.data.repository.config.RepositoryConfigurationDelegate[291] - Multiple Spring Data modules found, entering strict repository configuration mode 
[2023-11-07 22:01:52.469] INFO main org.springframework.data.repository.config.RepositoryConfigurationDelegate[138] - Bootstrapping Spring Data Redis repositories in DEFAULT mode. 
[2023-11-07 22:01:52.491] INFO main org.springframework.data.repository.config.RepositoryConfigurationDelegate[208] - Finished Spring Data repository scanning in 11 ms. Found 0 Redis repository interfaces. 
[2023-11-07 22:01:53.088] INFO main org.springframework.boot.web.embedded.tomcat.TomcatWebServer[108] - Tomcat initialized with port(s): 8080 (http) 
[2023-11-07 22:01:53.162] INFO main org.springframework.boot.web.servlet.context.ServletWebServerApplicationContext[291] - Root WebApplicationContext: initialization completed in 1141 ms 
[2023-11-07 22:01:53.923] INFO main org.springframework.security.web.DefaultSecurityFilterChain[54] - Will secure any request with [org.springframework.security.web.session.DisableEncodeUrlFilter@4cd90c36, org.springframework.security.web.context.request.async.WebAsyncManagerIntegrationFilter@aa23f11, org.springframework.security.web.context.SecurityContextHolderFilter@4c164f81, org.springframework.security.web.header.HeaderWriterFilter@5100c143, org.springframework.security.web.authentication.logout.LogoutFilter@4cf5d999, org.springframework.security.web.savedrequest.RequestCacheAwareFilter@b671dda, org.springframework.security.web.servletapi.SecurityContextHolderAwareRequestFilter@5ba63110, org.springframework.security.web.authentication.AnonymousAuthenticationFilter@65a80fdb, org.springframework.security.web.access.ExceptionTranslationFilter@5f8df69, org.springframework.security.web.access.intercept.AuthorizationFilter@303fbc4] 
[2023-11-07 22:01:54.601] INFO main org.springframework.boot.web.embedded.tomcat.TomcatWebServer[220] - Tomcat started on port(s): 8080 (http) with context path '/api' 
[2023-11-07 22:01:54.608] INFO main com.xpb.SecurityPanApplication[57] - Started SecurityPanApplication in 2.902 seconds (process running for 3.678) 
[2023-11-07 22:02:02.317] INFO http-nio-8080-exec-1 org.springframework.web.servlet.DispatcherServlet[532] - Initializing Servlet 'dispatcherServlet' 
[2023-11-07 22:02:02.318] INFO http-nio-8080-exec-1 org.springframework.web.servlet.DispatcherServlet[554] - Completed initialization in 1 ms 
[2023-11-07 22:02:30.915] INFO SpringApplicationShutdownHook com.alibaba.druid.pool.DruidDataSource[2029] - {dataSource-0} closing ... 
